              total        used        free      shared  buff/cache   available
Mem:            125          19          88          16          16          87
Swap:             0           0           0
Running on host compute069.bc4.acrc.priv
Time is Fri Mar 14 19:31:04 GMT 2025
Directory is /user/home/bb22475/DIS/the-revenger/code/solver
Slurm job ID is 11696440
This job runs on the following machines:
compute069
Generating Phase 5 tables...
Reached depth 1 | States so far: 3
Reached depth 2 | States so far: 28
Reached depth 3 | States so far: 230
Reached depth 4 | States so far: 850
Reached depth 5 | States so far: 1750
Reached depth 6 | States so far: 2035
Reached depth 7 | States so far: 2048
Final depth reached: 7
Total states found: 2048
BBHash MPH built & saved to phase5table.mph and phase5table.depths

Generating Phase 6 tables...
Reached depth 1 | States so far: 3
Reached depth 2 | States so far: 20
Reached depth 3 | States so far: 154
Reached depth 4 | States so far: 1219
Reached depth 5 | States so far: 9409
Reached depth 6 | States so far: 64103
Reached depth 7 | States so far: 331679
Reached depth 8 | States so far: 892247
Reached depth 9 | States so far: 1079451
Reached depth 10 | States so far: 1082565
Final depth reached: 10
Total states found: 1082565
BBHash MPH built & saved to phase6table.mph and phase6table.depths

Generating Phase 7 tables...
Reached depth 1 | States so far: 7
Reached depth 2 | States so far: 34
Reached depth 3 | States so far: 76
Reached depth 4 | States so far: 96
Final depth reached: 4
Total states found: 96
Total cubes found: 96
Reached depth 1 | States so far: 288
Reached depth 2 | States so far: 1152
Reached depth 3 | States so far: 4608
Reached depth 4 | States so far: 16512
Reached depth 5 | States so far: 67392
Reached depth 6 | States so far: 240768
Reached depth 7 | States so far: 599040
Reached depth 8 | States so far: 1094208
Reached depth 9 | States so far: 1772928
Reached depth 10 | States so far: 2465856
Reached depth 11 | States so far: 2773248
Reached depth 12 | States so far: 2820096
Reached depth 13 | States so far: 2822400
Final depth reached: 13
Total states found: 2822400
BBHash MPH built & saved to phase7table.mph and phase7table.depths

Generating Phase 8 tables...
Reached depth 1 | States so far: 7
Reached depth 2 | States so far: 34
Reached depth 3 | States so far: 154
Reached depth 4 | States so far: 673
Reached depth 5 | States so far: 2605
Reached depth 6 | States so far: 9089
Reached depth 7 | States so far: 29399
Reached depth 8 | States so far: 84433
Reached depth 9 | States so far: 198325
Reached depth 10 | States so far: 376820
Reached depth 11 | States so far: 556016
Reached depth 12 | States so far: 645744
Reached depth 13 | States so far: 661920
Reached depth 14 | States so far: 663408
Reached depth 15 | States so far: 663552
Final depth reached: 15
Total states found: 663552
BBHash MPH built & saved to phase8table.mph and phase8table.depths

Scramble of size 35 moves: F U R U F F U B B R U U F U L D L D L U L U U B R U R R R B B R F U D 

          Up (U)
          🟩⬜⬜🟩
          🟩⬜⬜🟦
          🟩⬜⬜🟦
          ⬜🟩🟩🟧

Left (L)  Front (F) Right (R) Back (B)
🟥🟥🟥🟥  🟦🟧🟧🟦  🟨⬜⬜⬜  🟧🟥🟥🟨
🟥🟧🟧🟥  🟨🟩🟩🟨  🟦🟥🟥🟧  🟦🟦🟦🟦
🟥🟧🟧🟥  🟨🟩🟩🟨  🟦🟥🟥🟧  🟦🟦🟦🟦
🟥🟨🟨🟩  🟨🟧🟧🟦  ⬜⬜⬜🟦  🟨⬜⬜⬜

          Down (D)
          🟧🟨🟨🟧
          🟩🟨🟨🟩
          🟩🟨🟨🟩
          🟩🟧🟧🟥

Loading Phase 5 table...
Loading Phase 6 table...
Loading Phase 7 table...
Loading Phase 8 table...
Phase 5 solution found in 4 moves: L U' R' B 


          Up (U)
          🟦⬜⬜⬜
          ⬜⬜⬜🟦
          ⬜⬜⬜🟦
          ⬜🟦🟦🟨

Left (L)  Front (F) Right (R) Back (B)
🟨🟥🟥🟩  🟥🟥🟥🟧  🟦🟧🟧🟦  🟧🟩🟩🟥
🟦🟧🟧🟥  🟩🟩🟩🟩  🟧🟥🟥🟧  ⬜🟦🟦⬜
🟦🟧🟧🟥  🟩🟩🟩🟩  🟧🟥🟥🟧  ⬜🟦🟦⬜
🟩🟥🟥🟥  ⬜🟧🟧🟨  🟩🟦🟦🟨  🟧🟩🟩⬜

          Down (D)
          🟦🟨🟨🟥
          🟨🟨🟨🟨
          🟨🟨🟨🟨
          🟧🟨🟨🟩

Phase 6 solution found in 8 moves: R2 F2 B2 R B2 U2 D' L 


          Up (U)
          🟨🟨🟨⬜
          🟨⬜⬜⬜
          🟨⬜⬜⬜
          ⬜⬜⬜⬜

Left (L)  Front (F) Right (R) Back (B)
🟧🟦🟦🟩  🟥🟩🟩🟧  🟩🟥🟥🟦  🟧🟧🟧🟩
🟥🟧🟧🟥  🟩🟩🟩🟦  🟧🟥🟥🟧  🟩🟦🟦🟦
🟥🟧🟧🟥  🟩🟩🟩🟦  🟧🟥🟥🟧  🟩🟦🟦🟦
🟦🟧🟧🟩  🟥🟦🟦🟦  🟧🟩🟩🟦  🟥🟥🟥🟥

          Down (D)
          🟨⬜⬜🟨
          ⬜🟨🟨🟨
          ⬜🟨🟨🟨
          🟨🟨🟨⬜

Phase 7 solution found in 10 moves: R2 B2 U L2 U' F2 L2 U' R2 D 


          Up (U)
          🟨🟨🟨🟨
          🟨⬜⬜⬜
          🟨⬜⬜⬜
          🟨⬜⬜🟨

Left (L)  Front (F) Right (R) Back (B)
🟥🟥🟥🟧  🟦🟩🟩🟩  🟧🟥🟥🟥  🟩🟩🟩🟦
🟧🟧🟧🟥  🟩🟩🟩🟦  🟥🟥🟥🟧  🟦🟦🟦🟩
🟧🟧🟧🟥  🟩🟩🟩🟦  🟥🟥🟥🟧  🟦🟦🟦🟩
🟥🟧🟧🟧  🟦🟦🟦🟩  🟧🟧🟧🟥  🟩🟦🟦🟦

          Down (D)
          ⬜🟨🟨⬜
          🟨🟨🟨⬜
          🟨🟨🟨⬜
          ⬜⬜⬜⬜

Phase 8 solution found in 9 moves: U2 B2 U2 L2 B2 R2 D2 L2 U2 


          Up (U)
          ⬜⬜⬜⬜
          ⬜⬜⬜⬜
          ⬜⬜⬜⬜
          ⬜⬜⬜⬜

Left (L)  Front (F) Right (R) Back (B)
🟧🟧🟧🟧  🟩🟩🟩🟩  🟥🟥🟥🟥  🟦🟦🟦🟦
🟧🟧🟧🟧  🟩🟩🟩🟩  🟥🟥🟥🟥  🟦🟦🟦🟦
🟧🟧🟧🟧  🟩🟩🟩🟩  🟥🟥🟥🟥  🟦🟦🟦🟦
🟧🟧🟧🟧  🟩🟩🟩🟩  🟥🟥🟥🟥  🟦🟦🟦🟦

          Down (D)
          🟨🟨🟨🟨
          🟨🟨🟨🟨
          🟨🟨🟨🟨
          🟨🟨🟨🟨

Full solution found in 31 moves: L U' R' B R2 F2 B2 R B2 U2 D' L R2 B2 U L2 U' F2 L2 U' R2 D U2 B2 U2 L2 B2 R2 D2 L2 U2 
Solution time: 0.00291948 seconds.
