Running on host compute069.bc4.acrc.priv
Time is Thu Mar 13 14:27:00 GMT 2025
Directory is /user/home/bb22475/DIS/the-revenger/code/solver
Slurm job ID is 11689865
This job runs on the following machines:
compute069
Generating Phase 2 tables...
Reached depth 1 | States so far: 5
Reached depth 2 | States so far: 10
Reached depth 3 | States so far: 12
Final depth reached: 3
Total states found: 12
Total cubes found: 12
Reached depth 1 | 60 states so far
Reached depth 2 | 900 states so far
Reached depth 3 | 14100 states so far
Reached depth 4 | 223020 states so far
Reached depth 5 | 3695460 states so far
BFS done. Final depth reached: 5 | Total states found: 3695460
BBHash MPH built & saved to phase2table.mph and phase2table.depths

Table generation time: 8.0468 seconds.
